<?xml version="1.0" encoding="UTF-8"?>
<!-- Generated by org.testng.reporters.JUnitReportReporter -->
<testsuite hostname="SMRAQPLAP059" failures="0" tests="1" name="com.magento.tests.FacturaTest" time="32.639" errors="0" timestamp="2024-07-12T13:23:09 COT" skipped="0">
  <testcase classname="com.magento.tests.FacturaTest" name="doEmitirFacturaSimpleConItemManual" time="32.639"/>
</testsuite> <!-- com.magento.tests.FacturaTest -->
